Determining if the pthread_create exist failed with the following output:
Change Dir: /home/djeck/projects/SixPrend/build/CMakeFiles/CMakeTmp

Run Build Command:"/usr/bin/make" "cmTryCompileExec1183088387/fast"
/usr/bin/make -f CMakeFiles/cmTryCompileExec1183088387.dir/build.make CMakeFiles/cmTryCompileExec1183088387.dir/build
make[1]: Entering directory '/home/djeck/projects/SixPrend/build/CMakeFiles/CMakeTmp'
/usr/bin/cmake -E cmake_progress_report /home/djeck/projects/SixPrend/build/CMakeFiles/CMakeTmp/CMakeFiles 1
Building C object CMakeFiles/cmTryCompileExec1183088387.dir/CheckSymbolExists.c.o
/usr/bin/cc    -o CMakeFiles/cmTryCompileExec1183088387.dir/CheckSymbolExists.c.o   -c /home/djeck/projects/SixPrend/build/CMakeFiles/CMakeTmp/CheckSymbolExists.c
Linking C executable cmTryCompileExec1183088387
/usr/bin/cmake -E cmake_link_script CMakeFiles/cmTryCompileExec1183088387.dir/link.txt --verbose=1
/usr/bin/cc       CMakeFiles/cmTryCompileExec1183088387.dir/CheckSymbolExists.c.o  -o cmTryCompileExec1183088387 -rdynamic 
CMakeFiles/cmTryCompileExec1183088387.dir/CheckSymbolExists.c.o: In function `main':
CheckSymbolExists.c:(.text+0x16): undefined reference to `pthread_create'
collect2: error: ld returned 1 exit status
CMakeFiles/cmTryCompileExec1183088387.dir/build.make:88: recipe for target 'cmTryCompileExec1183088387' failed
make[1]: *** [cmTryCompileExec1183088387] Error 1
make[1]: Leaving directory '/home/djeck/projects/SixPrend/build/CMakeFiles/CMakeTmp'
Makefile:118: recipe for target 'cmTryCompileExec1183088387/fast' failed
make: *** [cmTryCompileExec1183088387/fast] Error 2

File /home/djeck/projects/SixPrend/build/CMakeFiles/CMakeTmp/CheckSymbolExists.c:
/* */
#include <pthread.h>

int main(int argc, char** argv)
{
  (void)argv;
#ifndef pthread_create
  return ((int*)(&pthread_create))[argc];
#else
  (void)argc;
  return 0;
#endif
}

Determining if the function pthread_create exists in the pthreads failed with the following output:
Change Dir: /home/djeck/projects/SixPrend/build/CMakeFiles/CMakeTmp

Run Build Command:"/usr/bin/make" "cmTryCompileExec803117366/fast"
/usr/bin/make -f CMakeFiles/cmTryCompileExec803117366.dir/build.make CMakeFiles/cmTryCompileExec803117366.dir/build
make[1]: Entering directory '/home/djeck/projects/SixPrend/build/CMakeFiles/CMakeTmp'
/usr/bin/cmake -E cmake_progress_report /home/djeck/projects/SixPrend/build/CMakeFiles/CMakeTmp/CMakeFiles 1
Building C object CMakeFiles/cmTryCompileExec803117366.dir/CheckFunctionExists.c.o
/usr/bin/cc   -DCHECK_FUNCTION_EXISTS=pthread_create   -o CMakeFiles/cmTryCompileExec803117366.dir/CheckFunctionExists.c.o   -c /usr/share/cmake-3.0/Modules/CheckFunctionExists.c
Linking C executable cmTryCompileExec803117366
/usr/bin/cmake -E cmake_link_script CMakeFiles/cmTryCompileExec803117366.dir/link.txt --verbose=1
/usr/bin/cc   -DCHECK_FUNCTION_EXISTS=pthread_create    CMakeFiles/cmTryCompileExec803117366.dir/CheckFunctionExists.c.o  -o cmTryCompileExec803117366 -rdynamic -lpthreads 
/usr/bin/ld: cannot find -lpthreads
collect2: error: ld returned 1 exit status
CMakeFiles/cmTryCompileExec803117366.dir/build.make:88: recipe for target 'cmTryCompileExec803117366' failed
make[1]: *** [cmTryCompileExec803117366] Error 1
make[1]: Leaving directory '/home/djeck/projects/SixPrend/build/CMakeFiles/CMakeTmp'
Makefile:118: recipe for target 'cmTryCompileExec803117366/fast' failed
make: *** [cmTryCompileExec803117366/fast] Error 2


